# JRE version: Java(TM) SE Runtime Environment (7.0_51-b13) (build 1.7.0_51-b13)
# Java VM: Java HotSpot(TM) 64-Bit Server VM (24.51-b03 mixed mode windows-amd64 compressed oops)
Heap
 PSYoungGen      total 139776K, used 103822K [0x00000007d5e80000, 0x00000007e7080000, 0x0000000800000000)
  eden space 132608K, 73% used [0x00000007d5e80000,0x00000007dbd19f28,0x00000007de000000)
  from space 7168K, 96% used [0x00000007de000000,0x00000007de6c9bf0,0x00000007de700000)
  to   space 7680K, 0% used [0x00000007e6900000,0x00000007e6900000,0x00000007e7080000)
 ParOldGen       total 86016K, used 4787K [0x0000000781c00000, 0x0000000787000000, 0x00000007d5e80000)
  object space 86016K, 5% used [0x0000000781c00000,0x00000007820accd8,0x0000000787000000)
 PSPermGen       total 25088K, used 24666K [0x000000077ca00000, 0x000000077e280000, 0x0000000781c00000)
  object space 25088K, 98% used [0x000000077ca00000,0x000000077e216b20,0x000000077e280000)
GC Heap History (10 events):
Event: 2.000 GC heap before
{Heap before GC invocations=3 (full 0):
 PSYoungGen      total 38400K, used 38375K [0x00000007d5e80000, 0x00000007da980000, 0x0000000800000000)
  eden space 33280K, 100% used [0x00000007d5e80000,0x00000007d7f00000,0x00000007d7f00000)
  from space 5120K, 99% used [0x00000007d8400000,0x00000007d88f9fc0,0x00000007d8900000)
  to   space 5120K, 0% used [0x00000007d7f00000,0x00000007d7f00000,0x00000007d8400000)
 ParOldGen       total 86016K, used 578K [0x0000000781c00000, 0x0000000787000000, 0x00000007d5e80000)
  object space 86016K, 0% used [0x0000000781c00000,0x0000000781c90a10,0x0000000787000000)
 PSPermGen       total 21504K, used 16620K [0x000000077ca00000, 0x000000077df00000, 0x0000000781c00000)
  object space 21504K, 77% used [0x000000077ca00000,0x000000077da3b2e0,0x000000077df00000)
Event: 2.007 GC heap after
Heap after GC invocations=3 (full 0):
 PSYoungGen      total 38400K, used 4356K [0x00000007d5e80000, 0x00000007da980000, 0x0000000800000000)
  eden space 33280K, 0% used [0x00000007d5e80000,0x00000007d5e80000,0x00000007d7f00000)
  from space 5120K, 85% used [0x00000007d7f00000,0x00000007d8341030,0x00000007d8400000)
  to   space 5120K, 0% used [0x00000007da480000,0x00000007da480000,0x00000007da980000)
 ParOldGen       total 86016K, used 586K [0x0000000781c00000, 0x0000000787000000, 0x00000007d5e80000)
  object space 86016K, 0% used [0x0000000781c00000,0x0000000781c92a10,0x0000000787000000)
 PSPermGen       total 21504K, used 16620K [0x000000077ca00000, 0x000000077df00000, 0x0000000781c00000)
  object space 21504K, 77% used [0x000000077ca00000,0x000000077da3b2e0,0x000000077df00000)
}
Event: 2.249 GC heap before
{Heap before GC invocations=4 (full 0):
 PSYoungGen      total 38400K, used 37636K [0x00000007d5e80000, 0x00000007da980000, 0x0000000800000000)
  eden space 33280K, 100% used [0x00000007d5e80000,0x00000007d7f00000,0x00000007d7f00000)
  from space 5120K, 85% used [0x00000007d7f00000,0x00000007d8341030,0x00000007d8400000)
  to   space 5120K, 0% used [0x00000007da480000,0x00000007da480000,0x00000007da980000)
 ParOldGen       total 86016K, used 586K [0x0000000781c00000, 0x0000000787000000, 0x00000007d5e80000)
  object space 86016K, 0% used [0x0000000781c00000,0x0000000781c92a10,0x0000000787000000)
 PSPermGen       total 21504K, used 16840K [0x000000077ca00000, 0x000000077df00000, 0x0000000781c00000)
  object space 21504K, 78% used [0x000000077ca00000,0x000000077da72218,0x000000077df00000)
Event: 2.257 GC heap after
Heap after GC invocations=4 (full 0):
 PSYoungGen      total 71680K, used 4991K [0x00000007d5e80000, 0x00000007da980000, 0x0000000800000000)
  eden space 66560K, 0% used [0x00000007d5e80000,0x00000007d5e80000,0x00000007d9f80000)
  from space 5120K, 97% used [0x00000007da480000,0x00000007da95fc38,0x00000007da980000)
  to   space 5120K, 0% used [0x00000007d9f80000,0x00000007d9f80000,0x00000007da480000)
 ParOldGen       total 86016K, used 594K [0x0000000781c00000, 0x0000000787000000, 0x00000007d5e80000)
  object space 86016K, 0% used [0x0000000781c00000,0x0000000781c94a10,0x0000000787000000)
 PSPermGen       total 21504K, used 16840K [0x000000077ca00000, 0x000000077df00000, 0x0000000781c00000)
  object space 21504K, 78% used [0x000000077ca00000,0x000000077da72218,0x000000077df00000)
}
Event: 2.560 GC heap before
{Heap before GC invocations=5 (full 0):
 PSYoungGen      total 71680K, used 71551K [0x00000007d5e80000, 0x00000007da980000, 0x0000000800000000)
  eden space 66560K, 100% used [0x00000007d5e80000,0x00000007d9f80000,0x00000007d9f80000)
  from space 5120K, 97% used [0x00000007da480000,0x00000007da95fc38,0x00000007da980000)
  to   space 5120K, 0% used [0x00000007d9f80000,0x00000007d9f80000,0x00000007da480000)
 ParOldGen       total 86016K, used 594K [0x0000000781c00000, 0x0000000787000000, 0x00000007d5e80000)
  object space 86016K, 0% used [0x0000000781c00000,0x0000000781c94a10,0x0000000787000000)
 PSPermGen       total 21504K, used 17100K [0x000000077ca00000, 0x000000077df00000, 0x0000000781c00000)
  object space 21504K, 79% used [0x000000077ca00000,0x000000077dab32a8,0x000000077df00000)
Event: 2.572 GC heap after
Heap after GC invocations=5 (full 0):
 PSYoungGen      total 71680K, used 5094K [0x00000007d5e80000, 0x00000007ded80000, 0x0000000800000000)
  eden space 66560K, 0% used [0x00000007d5e80000,0x00000007d5e80000,0x00000007d9f80000)
  from space 5120K, 99% used [0x00000007d9f80000,0x00000007da479b30,0x00000007da480000)
  to   space 6656K, 0% used [0x00000007de700000,0x00000007de700000,0x00000007ded80000)
 ParOldGen       total 86016K, used 1816K [0x0000000781c00000, 0x0000000787000000, 0x00000007d5e80000)
  object space 86016K, 2% used [0x0000000781c00000,0x0000000781dc6110,0x0000000787000000)
 PSPermGen       total 21504K, used 17100K [0x000000077ca00000, 0x000000077df00000, 0x0000000781c00000)
  object space 21504K, 79% used [0x000000077ca00000,0x000000077dab32a8,0x000000077df00000)
}
Event: 2.861 GC heap before
{Heap before GC invocations=6 (full 0):
 PSYoungGen      total 71680K, used 71654K [0x00000007d5e80000, 0x00000007ded80000, 0x0000000800000000)
  eden space 66560K, 100% used [0x00000007d5e80000,0x00000007d9f80000,0x00000007d9f80000)
  from space 5120K, 99% used [0x00000007d9f80000,0x00000007da479b30,0x00000007da480000)
  to   space 6656K, 0% used [0x00000007de700000,0x00000007de700000,0x00000007ded80000)
 ParOldGen       total 86016K, used 1816K [0x0000000781c00000, 0x0000000787000000, 0x00000007d5e80000)
  object space 86016K, 2% used [0x0000000781c00000,0x0000000781dc6110,0x0000000787000000)
 PSPermGen       total 21504K, used 17330K [0x000000077ca00000, 0x000000077df00000, 0x0000000781c00000)
  object space 21504K, 80% used [0x000000077ca00000,0x000000077daec868,0x000000077df00000)
Event: 2.895 GC heap after
Heap after GC invocations=6 (full 0):
 PSYoungGen      total 139264K, used 6604K [0x00000007d5e80000, 0x00000007dee80000, 0x0000000800000000)
  eden space 132608K, 0% used [0x00000007d5e80000,0x00000007d5e80000,0x00000007de000000)
  from space 6656K, 99% used [0x00000007de700000,0x00000007ded73268,0x00000007ded80000)
  to   space 7168K, 0% used [0x00000007de000000,0x00000007de000000,0x00000007de700000)
 ParOldGen       total 86016K, used 1816K [0x0000000781c00000, 0x0000000787000000, 0x00000007d5e80000)
  object space 86016K, 2% used [0x0000000781c00000,0x0000000781dc6110,0x0000000787000000)
 PSPermGen       total 21504K, used 17330K [0x000000077ca00000, 0x000000077df00000, 0x0000000781c00000)
  object space 21504K, 80% used [0x000000077ca00000,0x000000077daec868,0x000000077df00000)
}
Event: 3411.101 GC heap before
{Heap before GC invocations=7 (full 0):
 PSYoungGen      total 139264K, used 139212K [0x00000007d5e80000, 0x00000007dee80000, 0x0000000800000000)
  eden space 132608K, 100% used [0x00000007d5e80000,0x00000007de000000,0x00000007de000000)
  from space 6656K, 99% used [0x00000007de700000,0x00000007ded73268,0x00000007ded80000)
  to   space 7168K, 0% used [0x00000007de000000,0x00000007de000000,0x00000007de700000)
 ParOldGen       total 86016K, used 1816K [0x0000000781c00000, 0x0000000787000000, 0x00000007d5e80000)
  object space 86016K, 2% used [0x0000000781c00000,0x0000000781dc6110,0x0000000787000000)
 PSPermGen       total 24576K, used 24437K [0x000000077ca00000, 0x000000077e200000, 0x0000000781c00000)
  object space 24576K, 99% used [0x000000077ca00000,0x000000077e1dd7e8,0x000000077e200000)
Event: 3415.029 GC heap after
Heap after GC invocations=7 (full 0):
 PSYoungGen      total 139776K, used 6950K [0x00000007d5e80000, 0x00000007e7080000, 0x0000000800000000)
  eden space 132608K, 0% used [0x00000007d5e80000,0x00000007d5e80000,0x00000007de000000)
  from space 7168K, 96% used [0x00000007de000000,0x00000007de6c9bf0,0x00000007de700000)
  to   space 7680K, 0% used [0x00000007e6900000,0x00000007e6900000,0x00000007e7080000)
 ParOldGen       total 86016K, used 4787K [0x0000000781c00000, 0x0000000787000000, 0x00000007d5e80000)
  object space 86016K, 5% used [0x0000000781c00000,0x00000007820accd8,0x0000000787000000)
 PSPermGen       total 24576K, used 24437K [0x000000077ca00000, 0x000000077e200000, 0x0000000781c00000)
  object space 24576K, 99% used [0x000000077ca00000,0x000000077e1dd7e8,0x000000077e200000)
}

