# JRE version: Java(TM) SE Runtime Environment (7.0_51-b13) (build 1.7.0_51-b13)
# Java VM: Java HotSpot(TM) 64-Bit Server VM (24.51-b03 mixed mode windows-amd64 compressed oops)
Heap
 PSYoungGen      total 272384K, used 87879K [0x00000007d5e80000, 0x00000007e7180000, 0x0000000800000000)
  eden space 264704K, 31% used [0x00000007d5e80000,0x00000007db104f10,0x00000007e6100000)
  from space 7680K, 44% used [0x00000007e6900000,0x00000007e6c4d010,0x00000007e7080000)
  to   space 8192K, 0% used [0x00000007e6100000,0x00000007e6100000,0x00000007e6900000)
 ParOldGen       total 86016K, used 6073K [0x0000000781c00000, 0x0000000787000000, 0x00000007d5e80000)
  object space 86016K, 7% used [0x0000000781c00000,0x00000007821ee4b8,0x0000000787000000)
 PSPermGen       total 24576K, used 24373K [0x000000077ca00000, 0x000000077e200000, 0x0000000781c00000)
  object space 24576K, 99% used [0x000000077ca00000,0x000000077e1cd440,0x000000077e200000)
GC Heap History (10 events):
Event: 1.951 GC heap before
{Heap before GC invocations=4 (full 0):
 PSYoungGen      total 38400K, used 37549K [0x00000007d5e80000, 0x00000007da980000, 0x0000000800000000)
  eden space 33280K, 100% used [0x00000007d5e80000,0x00000007d7f00000,0x00000007d7f00000)
  from space 5120K, 83% used [0x00000007d7f00000,0x00000007d832b790,0x00000007d8400000)
  to   space 5120K, 0% used [0x00000007da480000,0x00000007da480000,0x00000007da980000)
 ParOldGen       total 86016K, used 559K [0x0000000781c00000, 0x0000000787000000, 0x00000007d5e80000)
  object space 86016K, 0% used [0x0000000781c00000,0x0000000781c8bcb8,0x0000000787000000)
 PSPermGen       total 21504K, used 16692K [0x000000077ca00000, 0x000000077df00000, 0x0000000781c00000)
  object space 21504K, 77% used [0x000000077ca00000,0x000000077da4d150,0x000000077df00000)
Event: 1.959 GC heap after
Heap after GC invocations=4 (full 0):
 PSYoungGen      total 71680K, used 5004K [0x00000007d5e80000, 0x00000007da980000, 0x0000000800000000)
  eden space 66560K, 0% used [0x00000007d5e80000,0x00000007d5e80000,0x00000007d9f80000)
  from space 5120K, 97% used [0x00000007da480000,0x00000007da963320,0x00000007da980000)
  to   space 5120K, 0% used [0x00000007d9f80000,0x00000007d9f80000,0x00000007da480000)
 ParOldGen       total 86016K, used 567K [0x0000000781c00000, 0x0000000787000000, 0x00000007d5e80000)
  object space 86016K, 0% used [0x0000000781c00000,0x0000000781c8dcb8,0x0000000787000000)
 PSPermGen       total 21504K, used 16692K [0x000000077ca00000, 0x000000077df00000, 0x0000000781c00000)
  object space 21504K, 77% used [0x000000077ca00000,0x000000077da4d150,0x000000077df00000)
}
Event: 2.270 GC heap before
{Heap before GC invocations=5 (full 0):
 PSYoungGen      total 71680K, used 71564K [0x00000007d5e80000, 0x00000007da980000, 0x0000000800000000)
  eden space 66560K, 100% used [0x00000007d5e80000,0x00000007d9f80000,0x00000007d9f80000)
  from space 5120K, 97% used [0x00000007da480000,0x00000007da963320,0x00000007da980000)
  to   space 5120K, 0% used [0x00000007d9f80000,0x00000007d9f80000,0x00000007da480000)
 ParOldGen       total 86016K, used 567K [0x0000000781c00000, 0x0000000787000000, 0x00000007d5e80000)
  object space 86016K, 0% used [0x0000000781c00000,0x0000000781c8dcb8,0x0000000787000000)
 PSPermGen       total 21504K, used 16917K [0x000000077ca00000, 0x000000077df00000, 0x0000000781c00000)
  object space 21504K, 78% used [0x000000077ca00000,0x000000077da85720,0x000000077df00000)
Event: 2.290 GC heap after
Heap after GC invocations=5 (full 0):
 PSYoungGen      total 71680K, used 5110K [0x00000007d5e80000, 0x00000007ded80000, 0x0000000800000000)
  eden space 66560K, 0% used [0x00000007d5e80000,0x00000007d5e80000,0x00000007d9f80000)
  from space 5120K, 99% used [0x00000007d9f80000,0x00000007da47dba0,0x00000007da480000)
  to   space 6656K, 0% used [0x00000007de700000,0x00000007de700000,0x00000007ded80000)
 ParOldGen       total 86016K, used 1894K [0x0000000781c00000, 0x0000000787000000, 0x00000007d5e80000)
  object space 86016K, 2% used [0x0000000781c00000,0x0000000781dd99f0,0x0000000787000000)
 PSPermGen       total 21504K, used 16917K [0x000000077ca00000, 0x000000077df00000, 0x0000000781c00000)
  object space 21504K, 78% used [0x000000077ca00000,0x000000077da85720,0x000000077df00000)
}
Event: 2.604 GC heap before
{Heap before GC invocations=6 (full 0):
 PSYoungGen      total 71680K, used 71670K [0x00000007d5e80000, 0x00000007ded80000, 0x0000000800000000)
  eden space 66560K, 100% used [0x00000007d5e80000,0x00000007d9f80000,0x00000007d9f80000)
  from space 5120K, 99% used [0x00000007d9f80000,0x00000007da47dba0,0x00000007da480000)
  to   space 6656K, 0% used [0x00000007de700000,0x00000007de700000,0x00000007ded80000)
 ParOldGen       total 86016K, used 1894K [0x0000000781c00000, 0x0000000787000000, 0x00000007d5e80000)
  object space 86016K, 2% used [0x0000000781c00000,0x0000000781dd99f0,0x0000000787000000)
 PSPermGen       total 21504K, used 17153K [0x000000077ca00000, 0x000000077df00000, 0x0000000781c00000)
  object space 21504K, 79% used [0x000000077ca00000,0x000000077dac0750,0x000000077df00000)
Event: 2.619 GC heap after
Heap after GC invocations=6 (full 0):
 PSYoungGen      total 139264K, used 6629K [0x00000007d5e80000, 0x00000007dee80000, 0x0000000800000000)
  eden space 132608K, 0% used [0x00000007d5e80000,0x00000007d5e80000,0x00000007de000000)
  from space 6656K, 99% used [0x00000007de700000,0x00000007ded79450,0x00000007ded80000)
  to   space 7168K, 0% used [0x00000007de000000,0x00000007de000000,0x00000007de700000)
 ParOldGen       total 86016K, used 1917K [0x0000000781c00000, 0x0000000787000000, 0x00000007d5e80000)
  object space 86016K, 2% used [0x0000000781c00000,0x0000000781ddf5f8,0x0000000787000000)
 PSPermGen       total 21504K, used 17153K [0x000000077ca00000, 0x000000077df00000, 0x0000000781c00000)
  object space 21504K, 79% used [0x000000077ca00000,0x000000077dac0750,0x000000077df00000)
}
Event: 3641.219 GC heap before
{Heap before GC invocations=7 (full 0):
 PSYoungGen      total 139264K, used 139237K [0x00000007d5e80000, 0x00000007dee80000, 0x0000000800000000)
  eden space 132608K, 100% used [0x00000007d5e80000,0x00000007de000000,0x00000007de000000)
  from space 6656K, 99% used [0x00000007de700000,0x00000007ded79450,0x00000007ded80000)
  to   space 7168K, 0% used [0x00000007de000000,0x00000007de000000,0x00000007de700000)
 ParOldGen       total 86016K, used 1917K [0x0000000781c00000, 0x0000000787000000, 0x00000007d5e80000)
  object space 86016K, 2% used [0x0000000781c00000,0x0000000781ddf5f8,0x0000000787000000)
 PSPermGen       total 24576K, used 24143K [0x000000077ca00000, 0x000000077e200000, 0x0000000781c00000)
  object space 24576K, 98% used [0x000000077ca00000,0x000000077e193c08,0x000000077e200000)
Event: 3652.054 GC heap after
Heap after GC invocations=7 (full 0):
 PSYoungGen      total 139776K, used 6738K [0x00000007d5e80000, 0x00000007e7080000, 0x0000000800000000)
  eden space 132608K, 0% used [0x00000007d5e80000,0x00000007d5e80000,0x00000007de000000)
  from space 7168K, 94% used [0x00000007de000000,0x00000007de694890,0x00000007de700000)
  to   space 7680K, 0% used [0x00000007e6900000,0x00000007e6900000,0x00000007e7080000)
 ParOldGen       total 86016K, used 5033K [0x0000000781c00000, 0x0000000787000000, 0x00000007d5e80000)
  object space 86016K, 5% used [0x0000000781c00000,0x00000007820ea528,0x0000000787000000)
 PSPermGen       total 24576K, used 24143K [0x000000077ca00000, 0x000000077e200000, 0x0000000781c00000)
  object space 24576K, 98% used [0x000000077ca00000,0x000000077e193c08,0x000000077e200000)
}
Event: 17186.077 GC heap before
{Heap before GC invocations=8 (full 0):
 PSYoungGen      total 139776K, used 139346K [0x00000007d5e80000, 0x00000007e7080000, 0x0000000800000000)
  eden space 132608K, 100% used [0x00000007d5e80000,0x00000007de000000,0x00000007de000000)
  from space 7168K, 94% used [0x00000007de000000,0x00000007de694890,0x00000007de700000)
  to   space 7680K, 0% used [0x00000007e6900000,0x00000007e6900000,0x00000007e7080000)
 ParOldGen       total 86016K, used 5033K [0x0000000781c00000, 0x0000000787000000, 0x00000007d5e80000)
  object space 86016K, 5% used [0x0000000781c00000,0x00000007820ea528,0x0000000787000000)
 PSPermGen       total 24576K, used 24368K [0x000000077ca00000, 0x000000077e200000, 0x0000000781c00000)
  object space 24576K, 99% used [0x000000077ca00000,0x000000077e1cc088,0x000000077e200000)
Event: 17187.704 GC heap after
Heap after GC invocations=8 (full 0):
 PSYoungGen      total 272384K, used 3380K [0x00000007d5e80000, 0x00000007e7180000, 0x0000000800000000)
  eden space 264704K, 0% used [0x00000007d5e80000,0x00000007d5e80000,0x00000007e6100000)
  from space 7680K, 44% used [0x00000007e6900000,0x00000007e6c4d010,0x00000007e7080000)
  to   space 8192K, 0% used [0x00000007e6100000,0x00000007e6100000,0x00000007e6900000)
 ParOldGen       total 86016K, used 6073K [0x0000000781c00000, 0x0000000787000000, 0x00000007d5e80000)
  object space 86016K, 7% used [0x0000000781c00000,0x00000007821ee4b8,0x0000000787000000)
 PSPermGen       total 24576K, used 24368K [0x000000077ca00000, 0x000000077e200000, 0x0000000781c00000)
  object space 24576K, 99% used [0x000000077ca00000,0x000000077e1cc088,0x000000077e200000)
}

